Gamify/Library/Bee/Android/Prj/IL2CPP/Gradle/launcher/build/intermediates/manifest_merge_blame_file/debug/manifest-merger-blame-debug-report.txt
1<?xml version="1.0" encoding="utf-8"?>
2<manifest xmlns:android="http://schemas.android.com/apk/res/android"
3    package="com.BinaryVisionaries.Gamify"
4    android:installLocation="preferExternal"
5    android:versionCode="1"
6    android:versionName="0.1" >
7
8    <uses-sdk
9        android:minSdkVersion="23"
9-->src\main\AndroidManifest.xml
10        android:targetSdkVersion="33" />
10-->src\main\AndroidManifest.xml
11
12    <supports-screens
12-->src\main\AndroidManifest.xml:4:3-163
13        android:anyDensity="true"
13-->src\main\AndroidManifest.xml:4:135-160
14        android:largeScreens="true"
14-->src\main\AndroidManifest.xml:4:78-105
15        android:normalScreens="true"
15-->src\main\AndroidManifest.xml:4:49-77
16        android:smallScreens="true"
16-->src\main\AndroidManifest.xml:4:21-48
17        android:xlargeScreens="true" />
17-->src\main\AndroidManifest.xml:4:106-134
18
19    <uses-permission android:name="android.permission.INTERNET" />
19-->[:unityLibrary] AndroidManifest.xml:10:5-67
19-->[:unityLibrary] AndroidManifest.xml:10:22-64
20
21    <uses-feature android:glEsVersion="0x00030000" />
21-->[:unityLibrary] AndroidManifest.xml:12:5-54
21-->[:unityLibrary] AndroidManifest.xml:12:19-51
22    <uses-feature
22-->[:unityLibrary] AndroidManifest.xml:13:5-15:36
23        android:name="android.hardware.vulkan.version"
23-->[:unityLibrary] AndroidManifest.xml:14:9-55
24        android:required="false" />
24-->[:unityLibrary] AndroidManifest.xml:15:9-33
25    <uses-feature
25-->[:unityLibrary] AndroidManifest.xml:16:5-18:36
26        android:name="android.hardware.touchscreen"
26-->[:unityLibrary] AndroidManifest.xml:17:9-52
27        android:required="false" />
27-->[:unityLibrary] AndroidManifest.xml:18:9-33
28    <uses-feature
28-->[:unityLibrary] AndroidManifest.xml:19:5-21:36
29        android:name="android.hardware.touchscreen.multitouch"
29-->[:unityLibrary] AndroidManifest.xml:20:9-63
30        android:required="false" />
30-->[:unityLibrary] AndroidManifest.xml:21:9-33
31    <uses-feature
31-->[:unityLibrary] AndroidManifest.xml:22:5-24:36
32        android:name="android.hardware.touchscreen.multitouch.distinct"
32-->[:unityLibrary] AndroidManifest.xml:23:9-72
33        android:required="false" />
33-->[:unityLibrary] AndroidManifest.xml:24:9-33
34
35    <permission
35-->[androidx.core:core:1.9.0] AndroidManifest.xml:22:5-24:47
36        android:name="com.BinaryVisionaries.Gamify.DYNAMIC_RECEIVER_NOT_EXPORTED_PERMISSION"
36-->[androidx.core:core:1.9.0] AndroidManifest.xml:23:9-81
37        android:protectionLevel="signature" />
37-->[androidx.core:core:1.9.0] AndroidManifest.xml:24:9-44
38
39    <uses-permission android:name="com.BinaryVisionaries.Gamify.DYNAMIC_RECEIVER_NOT_EXPORTED_PERMISSION" />
39-->[androidx.core:core:1.9.0] AndroidManifest.xml:26:5-97
39-->[androidx.core:core:1.9.0] AndroidManifest.xml:26:22-94
40
41    <application
41-->src\main\AndroidManifest.xml:3:3-83
42        android:appComponentFactory="androidx.core.app.CoreComponentFactory"
42-->[androidx.core:core:1.9.0] AndroidManifest.xml:28:18-86
43        android:debuggable="true"
44        android:extractNativeLibs="true"
44-->[:unityLibrary] AndroidManifest.xml:26:18-50
45        android:icon="@mipmap/app_icon"
45-->src\main\AndroidManifest.xml:3:16-47
46        android:label="@string/app_name" >
46-->src\main\AndroidManifest.xml:3:48-80
47        <meta-data
47-->[:unityLibrary] AndroidManifest.xml:27:9-29:33
48            android:name="unity.splash-mode"
48-->[:unityLibrary] AndroidManifest.xml:28:13-45
49            android:value="0" />
49-->[:unityLibrary] AndroidManifest.xml:29:13-30
50        <meta-data
50-->[:unityLibrary] AndroidManifest.xml:30:9-32:36
51            android:name="unity.splash-enable"
51-->[:unityLibrary] AndroidManifest.xml:31:13-47
52            android:value="True" />
52-->[:unityLibrary] AndroidManifest.xml:32:13-33
53        <meta-data
53-->[:unityLibrary] AndroidManifest.xml:33:9-35:36
54            android:name="unity.launch-fullscreen"
54-->[:unityLibrary] AndroidManifest.xml:34:13-51
55            android:value="True" />
55-->[:unityLibrary] AndroidManifest.xml:35:13-33
56        <meta-data
56-->[:unityLibrary] AndroidManifest.xml:36:9-38:50
57            android:name="notch.config"
57-->[:unityLibrary] AndroidManifest.xml:37:13-40
58            android:value="portrait|landscape" />
58-->[:unityLibrary] AndroidManifest.xml:38:13-47
59        <meta-data
59-->[:unityLibrary] AndroidManifest.xml:39:9-41:36
60            android:name="unity.auto-report-fully-drawn"
60-->[:unityLibrary] AndroidManifest.xml:40:13-57
61            android:value="true" />
61-->[:unityLibrary] AndroidManifest.xml:41:13-33
62        <meta-data
62-->[:unityLibrary] AndroidManifest.xml:42:9-44:36
63            android:name="unity.strip-engine-code"
63-->[:unityLibrary] AndroidManifest.xml:43:13-51
64            android:value="true" />
64-->[:unityLibrary] AndroidManifest.xml:44:13-33
65
66        <activity
66-->[:unityLibrary] AndroidManifest.xml:46:9-71:20
67            android:name="com.unity3d.player.UnityPlayerGameActivity"
67-->[:unityLibrary] AndroidManifest.xml:47:13-70
68            android:configChanges="mcc|mnc|locale|touchscreen|keyboard|keyboardHidden|navigation|orientation|screenLayout|uiMode|screenSize|smallestScreenSize|fontScale|layoutDirection|density"
68-->[:unityLibrary] AndroidManifest.xml:48:13-194
69            android:enabled="true"
69-->[:unityLibrary] AndroidManifest.xml:49:13-35
70            android:exported="true"
70-->[:unityLibrary] AndroidManifest.xml:50:13-36
71            android:hardwareAccelerated="false"
71-->[:unityLibrary] AndroidManifest.xml:51:13-48
72            android:launchMode="singleTask"
72-->[:unityLibrary] AndroidManifest.xml:52:13-44
73            android:resizeableActivity="false"
73-->[:unityLibrary] AndroidManifest.xml:53:13-47
74            android:screenOrientation="fullUser"
74-->[:unityLibrary] AndroidManifest.xml:54:13-49
75            android:theme="@style/BaseUnityGameActivityTheme" >
75-->[:unityLibrary] AndroidManifest.xml:55:13-62
76            <intent-filter>
76-->[:unityLibrary] AndroidManifest.xml:56:13-60:29
77                <category android:name="android.intent.category.LAUNCHER" />
77-->[:unityLibrary] AndroidManifest.xml:57:17-77
77-->[:unityLibrary] AndroidManifest.xml:57:27-74
78
79                <action android:name="android.intent.action.MAIN" />
79-->[:unityLibrary] AndroidManifest.xml:59:17-69
79-->[:unityLibrary] AndroidManifest.xml:59:25-66
80            </intent-filter>
81
82            <meta-data
82-->[:unityLibrary] AndroidManifest.xml:62:13-64:40
83                android:name="unityplayer.UnityActivity"
83-->[:unityLibrary] AndroidManifest.xml:63:17-57
84                android:value="true" />
84-->[:unityLibrary] AndroidManifest.xml:64:17-37
85            <meta-data
85-->[:unityLibrary] AndroidManifest.xml:65:13-67:40
86                android:name="android.app.lib_name"
86-->[:unityLibrary] AndroidManifest.xml:66:17-52
87                android:value="game" />
87-->[:unityLibrary] AndroidManifest.xml:67:17-37
88            <meta-data
88-->[:unityLibrary] AndroidManifest.xml:68:13-70:40
89                android:name="notch_support"
89-->[:unityLibrary] AndroidManifest.xml:69:17-45
90                android:value="true" />
90-->[:unityLibrary] AndroidManifest.xml:70:17-37
91        </activity>
92
93        <provider
93-->[androidx.emoji2:emoji2:1.2.0] AndroidManifest.xml:24:9-32:20
94            android:name="androidx.startup.InitializationProvider"
94-->[androidx.emoji2:emoji2:1.2.0] AndroidManifest.xml:25:13-67
95            android:authorities="com.BinaryVisionaries.Gamify.androidx-startup"
95-->[androidx.emoji2:emoji2:1.2.0] AndroidManifest.xml:26:13-68
96            android:exported="false" >
96-->[androidx.emoji2:emoji2:1.2.0] AndroidManifest.xml:27:13-37
97            <meta-data
97-->[androidx.emoji2:emoji2:1.2.0] AndroidManifest.xml:29:13-31:52
98                android:name="androidx.emoji2.text.EmojiCompatInitializer"
98-->[androidx.emoji2:emoji2:1.2.0] AndroidManifest.xml:30:17-75
99                android:value="androidx.startup" />
99-->[androidx.emoji2:emoji2:1.2.0] AndroidManifest.xml:31:17-49
100            <meta-data
100-->[androidx.lifecycle:lifecycle-process:2.4.1] AndroidManifest.xml:31:13-33:52
101                android:name="androidx.lifecycle.ProcessLifecycleInitializer"
101-->[androidx.lifecycle:lifecycle-process:2.4.1] AndroidManifest.xml:32:17-78
102                android:value="androidx.startup" />
102-->[androidx.lifecycle:lifecycle-process:2.4.1] AndroidManifest.xml:33:17-49
103        </provider>
104    </application>
105
106</manifest>